<?xml version="1.0" encoding="UTF-8"?>
<!-- Generated by org.testng.reporters.JUnitXMLReporter -->
<testsuite ignored="6" hostname="DESKTOP-MNI71QO" failures="0" tests="9" name="RegressionTest" time="47.846" errors="0" timestamp="2023-11-28T16:15:48 IST">
  <testcase classname="Regression.TC002" name="logtest on [TC002 passed=0 failed=0 skipped=0]" time="0.026"/>
  <testcase classname="Regression.TC002" name="logtest2 on [TC002 passed=0 failed=0 skipped=0]" time="0.005"/>
  <testcase classname="Regression.TC002" name="logtest3 on [TC002 passed=0 failed=0 skipped=0]" time="0.002"/>
  <testcase classname="Regression.TC002" name="logtest4 on [TC002 passed=0 failed=0 skipped=0]" time="0.002"/>
  <testcase classname="Regression.TC002" name="logtest5 on [TC002 passed=0 failed=0 skipped=0]" time="0.002"/>
  <testcase classname="Regression.TestXpath" name="login on [TestXpath passed=0 failed=0 skipped=0]" time="3.102"/>
  <testcase classname="Regression.TestXpath" name="VerifyLoginError on [TestXpath passed=0 failed=0 skipped=0]" time="0.405"/>
  <testcase classname="Regression.NewUserRegistration" name="TestResistraion on [NewUserRegistration passed=0 failed=0 skipped=0]" time="11.198"/>
  <testcase classname="Regression.AllLinkTestsOnPage" name="Linkstest on [AllLinkTestsOnPage passed=0 failed=0 skipped=0]" time="2.537"/>
  <testcase classname="BaseClasses.TC001" name="@BeforeTest setup" time="0.0">
    <ignored/>
  </testcase> <!-- @BeforeTest setup -->
  <testcase classname="BaseClasses.TC001" name="@AfterTest closeReport" time="0.0">
    <ignored/>
  </testcase> <!-- @AfterTest closeReport -->
  <testcase classname="BaseClasses.TC001" name="@AfterTest closeReport" time="0.0">
    <ignored/>
  </testcase> <!-- @AfterTest closeReport -->
  <testcase classname="BaseClasses.TC001" name="@BeforeTest setup" time="0.0">
    <ignored/>
  </testcase> <!-- @BeforeTest setup -->
  <testcase classname="BaseClasses.TC001" name="@BeforeTest setup" time="0.0">
    <ignored/>
  </testcase> <!-- @BeforeTest setup -->
  <testcase classname="BaseClasses.TC001" name="@AfterTest closeReport" time="0.0">
    <ignored/>
  </testcase> <!-- @AfterTest closeReport -->
</testsuite> <!-- RegressionTest -->
