<?xml version="1.0" encoding="UTF-8"?>
<!-- Generated by org.testng.reporters.JUnitXMLReporter -->
<testsuite ignored="2" hostname="DESKTOP-MNI71QO" failures="0" tests="5" name="SmokeTest" time="16.428" errors="0" timestamp="2024-02-02T12:44:32 IST">
  <testcase classname="SmokeTest.TC002" name="logtest on [TC002 passed=0 failed=0 skipped=0]" time="0.232"/>
  <testcase classname="SmokeTest.TC002" name="logtest2 on [TC002 passed=0 failed=0 skipped=0]" time="0.035"/>
  <testcase classname="SmokeTest.TC002" name="logtest3 on [TC002 passed=0 failed=0 skipped=0]" time="0.033"/>
  <testcase classname="SmokeTest.TC002" name="logtest4 on [TC002 passed=0 failed=0 skipped=0]" time="0.038"/>
  <testcase classname="SmokeTest.TestXpath" name="main1 on [TestXpath passed=0 failed=0 skipped=0]" time="16.063"/>
  <testcase classname="BaseClasses.TC001" name="@AfterTest closeReport" time="0.0">
    <ignored/>
  </testcase> <!-- @AfterTest closeReport -->
  <testcase classname="BaseClasses.TC001" name="@BeforeTest setup" time="0.0">
    <ignored/>
  </testcase> <!-- @BeforeTest setup -->
</testsuite> <!-- SmokeTest -->
