<?xml version="1.0" encoding="UTF-8"?>
<testsuite xmlns:xsi="http://www.w3.org/2001/XMLSchema-instance" xsi:noNamespaceSchemaLocation="https://maven.apache.org/surefire/maven-surefire-plugin/xsd/surefire-test-report-3.0.xsd" version="3.0" name="TestSuite" time="52.656" tests="12" errors="0" skipped="0" failures="0">
  <properties>
[...]
</properties>
  <testcase name="logtest on [TC002 passed=0 failed=0 skipped=0]" classname="Regression.TC002" time="0.07">
    <system-out><![CDATA[Test First Method execution is passed
]]></system-out>
  </testcase>
  <testcase name="logtest2 on [TC002 passed=0 failed=0 skipped=0]" classname="Regression.TC002" time="0.012">
    <system-out><![CDATA[Test Second Method execution is passed
]]></system-out>
  </testcase>
  <testcase name="logtest3 on [TC002 passed=0 failed=0 skipped=0]" classname="Regression.TC002" time="0.014">
    <system-out><![CDATA[Test Third Method execution is passed
]]></system-out>
  </testcase>
  <testcase name="logtest4 on [TC002 passed=0 failed=0 skipped=0]" classname="Regression.TC002" time="0.019">
    <system-out><![CDATA[Test Four Method execution is passed
]]></system-out>
  </testcase>
  <testcase name="logtest5 on [TC002 passed=0 failed=0 skipped=0]" classname="Regression.TC002" time="0.016">
    <system-out><![CDATA[Test Five Method execution is passed
]]></system-out>
  </testcase>
  <testcase name="login on [TestXpath passed=0 failed=0 skipped=0]" classname="Regression.TestXpath" time="6.042">
    <system-out><![CDATA[2023-09-22 18:09:03,937 AsyncHttpClient-1-2 ERROR Unable to delete file C:\Users\mahesh\OneDrive\Desktop\Java Practice\General-One-master\logs\app.log: java.nio.file.FileSystemException C:\Users\mahesh\OneDrive\Desktop\Java Practice\General-One-master\logs\app.log: The process cannot access the file because it is being used by another process
]]></system-out>
    <system-err><![CDATA[Starting ChromeDriver 116.0.5845.96 (1a391816688002153ef791ffe60d9e899a71a037-refs/branch-heads/5845@{#1382}) on port 34606
Only local connections are allowed.
Please see https://chromedriver.chromium.org/security-considerations for suggestions on keeping ChromeDriver safe.
ChromeDriver was started successfully.
[1695386332.100][WARNING]: This version of ChromeDriver has not been tested with Chrome version 117.
Sep 22, 2023 6:08:53 PM org.openqa.selenium.devtools.CdpVersionFinder findNearestMatch
WARNING: Unable to find CDP implementation matching 117
Sep 22, 2023 6:08:53 PM org.openqa.selenium.chromium.ChromiumDriver lambda$new$3
WARNING: Unable to find version of CDP to use for . You may need to include a dependency on a specific version of the CDP using something similar to `org.seleniumhq.selenium:selenium-devtools-v86:4.7.0` where the version ("v86") matches the version of the chromium-based browser you're using and the version number of the artifact is the same as Selenium's.
]]></system-err>
  </testcase>
  <testcase name="VerifyLoginError on [TestXpath passed=0 failed=0 skipped=0]" classname="Regression.TestXpath" time="2.382"/>
  <testcase name="logtest on [TC002 passed=0 failed=0 skipped=0]" classname="SmokeTest.TC002" time="0.478">
    <system-out><![CDATA[Test First Method execution is passed
]]></system-out>
  </testcase>
  <testcase name="logtest2 on [TC002 passed=0 failed=0 skipped=0]" classname="SmokeTest.TC002" time="0.062">
    <system-out><![CDATA[Test Second Method execution is passed
]]></system-out>
  </testcase>
  <testcase name="logtest3 on [TC002 passed=0 failed=0 skipped=0]" classname="SmokeTest.TC002" time="0.332">
    <system-out><![CDATA[Test Third Method execution is passed
]]></system-out>
  </testcase>
  <testcase name="logtest4 on [TC002 passed=0 failed=0 skipped=0]" classname="SmokeTest.TC002" time="0.227">
    <system-out><![CDATA[Test Four Method execution is passed
]]></system-out>
  </testcase>
  <testcase name="main1 on [TestXpath passed=0 failed=0 skipped=0]" classname="SmokeTest.TestXpath" time="18.006">
    <system-err><![CDATA[Starting ChromeDriver 116.0.5845.96 (1a391816688002153ef791ffe60d9e899a71a037-refs/branch-heads/5845@{#1382}) on port 13519
Only local connections are allowed.
Please see https://chromedriver.chromium.org/security-considerations for suggestions on keeping ChromeDriver safe.
ChromeDriver was started successfully.
[1695386356.704][WARNING]: This version of ChromeDriver has not been tested with Chrome version 117.
Sep 22, 2023 6:09:17 PM org.openqa.selenium.devtools.CdpVersionFinder findNearestMatch
WARNING: Unable to find CDP implementation matching 117
Sep 22, 2023 6:09:17 PM org.openqa.selenium.chromium.ChromiumDriver lambda$new$3
WARNING: Unable to find version of CDP to use for . You may need to include a dependency on a specific version of the CDP using something similar to `org.seleniumhq.selenium:selenium-devtools-v86:4.7.0` where the version ("v86") matches the version of the chromium-based browser you're using and the version number of the artifact is the same as Selenium's.
]]></system-err>
  </testcase>
</testsuite>