<?xml version="1.0" encoding="UTF-8"?>
<testng-results ignored="8" total="22" passed="14" failed="0" skipped="0">
  <reporter-output>
  </reporter-output>
  <suite started-at="2024-02-02T12:42:23 IST" name="RegressionSuites" finished-at="2024-02-02T12:44:32 IST" duration-ms="129007">
    <groups>
    </groups>
    <test started-at="2024-02-02T12:42:23 IST" name="RegressionTest" finished-at="2024-02-02T12:44:15 IST" duration-ms="112513">
      <class name="Regression.AllLinkTestsOnPage">
        <test-method is-config="true" signature="LaunchBrowser()[pri:0, instance:[AllLinkTestsOnPage passed=0 failed=0 skipped=0]]" started-at="2024-02-02T12:43:53 IST" name="LaunchBrowser" finished-at="2024-02-02T12:44:07 IST" duration-ms="13686" status="PASS">
          <reporter-output>
          </reporter-output>
        </test-method> <!-- LaunchBrowser -->
        <test-method signature="Linkstest()[pri:0, instance:[AllLinkTestsOnPage passed=0 failed=0 skipped=0]]" started-at="2024-02-02T12:44:07 IST" name="Linkstest" finished-at="2024-02-02T12:44:14 IST" duration-ms="7387" status="PASS">
          <reporter-output>
          </reporter-output>
        </test-method> <!-- Linkstest -->
      </class> <!-- Regression.AllLinkTestsOnPage -->
      <class name="Regression.NewUserRegistration">
        <test-method is-config="true" signature="set()[pri:0, instance:[NewUserRegistration passed=0 failed=0 skipped=0]]" started-at="2024-02-02T12:43:14 IST" name="set" finished-at="2024-02-02T12:43:31 IST" duration-ms="16854" status="PASS">
          <reporter-output>
          </reporter-output>
        </test-method> <!-- set -->
        <test-method signature="TestResistraion()[pri:0, instance:[NewUserRegistration passed=0 failed=0 skipped=0]]" started-at="2024-02-02T12:43:31 IST" name="TestResistraion" finished-at="2024-02-02T12:43:51 IST" duration-ms="19735" status="PASS">
          <reporter-output>
          </reporter-output>
        </test-method> <!-- TestResistraion -->
        <test-method is-config="true" signature="quit()[pri:0, instance:[NewUserRegistration passed=0 failed=0 skipped=0]]" started-at="2024-02-02T12:43:51 IST" name="quit" finished-at="2024-02-02T12:43:53 IST" duration-ms="2536" status="PASS">
          <reporter-output>
          </reporter-output>
        </test-method> <!-- quit -->
      </class> <!-- Regression.NewUserRegistration -->
      <class name="Regression.TestXpath">
        <test-method is-config="true" signature="set()[pri:0, instance:[TestXpath passed=0 failed=0 skipped=0]]" started-at="2024-02-02T12:42:26 IST" name="set" finished-at="2024-02-02T12:43:04 IST" duration-ms="38134" status="PASS">
          <reporter-output>
          </reporter-output>
        </test-method> <!-- set -->
        <test-method signature="login()[pri:1, instance:[TestXpath passed=0 failed=0 skipped=0]]" started-at="2024-02-02T12:43:04 IST" name="login" finished-at="2024-02-02T12:43:12 IST" duration-ms="7307" status="PASS">
          <reporter-output>
          </reporter-output>
        </test-method> <!-- login -->
        <test-method signature="VerifyLoginError()[pri:2, instance:[TestXpath passed=0 failed=0 skipped=0]]" started-at="2024-02-02T12:43:12 IST" name="VerifyLoginError" finished-at="2024-02-02T12:43:12 IST" duration-ms="572" status="PASS">
          <reporter-output>
          </reporter-output>
        </test-method> <!-- VerifyLoginError -->
        <test-method is-config="true" signature="quit()[pri:0, instance:[TestXpath passed=0 failed=0 skipped=0]]" started-at="2024-02-02T12:43:12 IST" name="quit" finished-at="2024-02-02T12:43:14 IST" duration-ms="1945" status="PASS">
          <reporter-output>
          </reporter-output>
        </test-method> <!-- quit -->
      </class> <!-- Regression.TestXpath -->
      <class name="Regression.TC002">
        <test-method is-config="true" signature="setup(org.testng.ITestContext)[pri:0, instance:[TC002 passed=0 failed=0 skipped=0]]" started-at="2024-02-02T12:42:23 IST" name="setup" finished-at="2024-02-02T12:42:26 IST" duration-ms="3254" status="PASS">
          <params>
            <param index="0">
              <value>
                <![CDATA[org.testng.TestRunner@2a667f44]]>
              </value>
            </param>
          </params>
          <reporter-output>
          </reporter-output>
        </test-method> <!-- setup -->
        <test-method signature="logtest()[pri:0, instance:[TC002 passed=0 failed=0 skipped=0]]" started-at="2024-02-02T12:42:26 IST" name="logtest" finished-at="2024-02-02T12:42:26 IST" duration-ms="31" status="PASS">
          <reporter-output>
          </reporter-output>
        </test-method> <!-- logtest -->
        <test-method signature="logtest2()[pri:0, instance:[TC002 passed=0 failed=0 skipped=0]]" started-at="2024-02-02T12:42:26 IST" name="logtest2" finished-at="2024-02-02T12:42:26 IST" duration-ms="4" status="PASS">
          <reporter-output>
          </reporter-output>
        </test-method> <!-- logtest2 -->
        <test-method signature="logtest3()[pri:0, instance:[TC002 passed=0 failed=0 skipped=0]]" started-at="2024-02-02T12:42:26 IST" name="logtest3" finished-at="2024-02-02T12:42:26 IST" duration-ms="3" status="PASS">
          <reporter-output>
          </reporter-output>
        </test-method> <!-- logtest3 -->
        <test-method signature="logtest4()[pri:0, instance:[TC002 passed=0 failed=0 skipped=0]]" started-at="2024-02-02T12:42:26 IST" name="logtest4" finished-at="2024-02-02T12:42:26 IST" duration-ms="2" status="PASS">
          <reporter-output>
          </reporter-output>
        </test-method> <!-- logtest4 -->
        <test-method signature="logtest5()[pri:0, instance:[TC002 passed=0 failed=0 skipped=0]]" started-at="2024-02-02T12:42:26 IST" name="logtest5" finished-at="2024-02-02T12:42:26 IST" duration-ms="2" status="PASS">
          <reporter-output>
          </reporter-output>
        </test-method> <!-- logtest5 -->
        <test-method is-config="true" signature="closeReport()[pri:0, instance:[TC002 passed=0 failed=0 skipped=0]]" started-at="2024-02-02T12:44:14 IST" name="closeReport" finished-at="2024-02-02T12:44:15 IST" duration-ms="919" status="PASS">
          <reporter-output>
          </reporter-output>
        </test-method> <!-- closeReport -->
      </class> <!-- Regression.TC002 -->
    </test> <!-- RegressionTest -->
    <test started-at="2024-02-02T12:44:15 IST" name="SmokeTest" finished-at="2024-02-02T12:44:32 IST" duration-ms="16428">
      <class name="SmokeTest.TestXpath">
        <test-method signature="main1()[pri:0, instance:[TestXpath passed=0 failed=0 skipped=0]]" started-at="2024-02-02T12:44:16 IST" name="main1" finished-at="2024-02-02T12:44:32 IST" duration-ms="16063" status="PASS">
          <reporter-output>
          </reporter-output>
        </test-method> <!-- main1 -->
      </class> <!-- SmokeTest.TestXpath -->
      <class name="SmokeTest.TC002">
        <test-method is-config="true" signature="setup(org.testng.ITestContext)[pri:0, instance:[TC002 passed=0 failed=0 skipped=0]]" started-at="2024-02-02T12:44:15 IST" name="setup" finished-at="2024-02-02T12:44:15 IST" duration-ms="4" status="PASS">
          <params>
            <param index="0">
              <value>
                <![CDATA[org.testng.TestRunner@53ba7997]]>
              </value>
            </param>
          </params>
          <reporter-output>
          </reporter-output>
        </test-method> <!-- setup -->
        <test-method signature="logtest()[pri:0, instance:[TC002 passed=0 failed=0 skipped=0]]" started-at="2024-02-02T12:44:15 IST" name="logtest" finished-at="2024-02-02T12:44:16 IST" duration-ms="232" status="PASS">
          <reporter-output>
          </reporter-output>
        </test-method> <!-- logtest -->
        <test-method signature="logtest2()[pri:0, instance:[TC002 passed=0 failed=0 skipped=0]]" started-at="2024-02-02T12:44:16 IST" name="logtest2" finished-at="2024-02-02T12:44:16 IST" duration-ms="35" status="PASS">
          <reporter-output>
          </reporter-output>
        </test-method> <!-- logtest2 -->
        <test-method signature="logtest3()[pri:0, instance:[TC002 passed=0 failed=0 skipped=0]]" started-at="2024-02-02T12:44:16 IST" name="logtest3" finished-at="2024-02-02T12:44:16 IST" duration-ms="33" status="PASS">
          <reporter-output>
          </reporter-output>
        </test-method> <!-- logtest3 -->
        <test-method signature="logtest4()[pri:0, instance:[TC002 passed=0 failed=0 skipped=0]]" started-at="2024-02-02T12:44:16 IST" name="logtest4" finished-at="2024-02-02T12:44:16 IST" duration-ms="38" status="PASS">
          <reporter-output>
          </reporter-output>
        </test-method> <!-- logtest4 -->
        <test-method is-config="true" signature="closeReport()[pri:0, instance:[TC002 passed=0 failed=0 skipped=0]]" started-at="2024-02-02T12:44:32 IST" name="closeReport" finished-at="2024-02-02T12:44:32 IST" duration-ms="13" status="PASS">
          <reporter-output>
          </reporter-output>
        </test-method> <!-- closeReport -->
      </class> <!-- SmokeTest.TC002 -->
    </test> <!-- SmokeTest -->
  </suite> <!-- RegressionSuites -->
</testng-results>
