<?xml version="1.0" encoding="UTF-8"?>
<testsuite xmlns:xsi="http://www.w3.org/2001/XMLSchema-instance" xsi:noNamespaceSchemaLocation="https://maven.apache.org/surefire/maven-surefire-plugin/xsd/surefire-test-report-3.0.xsd" version="3.0" name="TestSuite" time="144.553" tests="14" errors="0" skipped="0" failures="0">
  <properties>
[...]
</properties>
  <testcase name="logtest on [TC002 passed=0 failed=0 skipped=0]" classname="Regression.TC002" time="0.064">
    <system-out><![CDATA[Test First Method execution is passed
]]></system-out>
  </testcase>
  <testcase name="logtest2 on [TC002 passed=0 failed=0 skipped=0]" classname="Regression.TC002" time="0.005">
    <system-out><![CDATA[Test Second Method execution is passed
]]></system-out>
  </testcase>
  <testcase name="logtest3 on [TC002 passed=0 failed=0 skipped=0]" classname="Regression.TC002" time="0.006">
    <system-out><![CDATA[Test Third Method execution is passed
]]></system-out>
  </testcase>
  <testcase name="logtest4 on [TC002 passed=0 failed=0 skipped=0]" classname="Regression.TC002" time="0.004">
    <system-out><![CDATA[Test Four Method execution is passed
]]></system-out>
  </testcase>
  <testcase name="logtest5 on [TC002 passed=0 failed=0 skipped=0]" classname="Regression.TC002" time="0.027">
    <system-out><![CDATA[Test Five Method execution is passed
]]></system-out>
  </testcase>
  <testcase name="login on [TestXpath passed=0 failed=0 skipped=0]" classname="Regression.TestXpath" time="5.582">
    <system-err><![CDATA[Starting ChromeDriver 120.0.6099.62 (93ab19d804d479b507c4694305631dfb65f8e930-refs/branch-heads/6099_56@{#3}) on port 9968
Only local connections are allowed.
Please see https://chromedriver.chromium.org/security-considerations for suggestions on keeping ChromeDriver safe.
ChromeDriver was started successfully.
[1706789160.871][WARNING]: This version of ChromeDriver has not been tested with Chrome version 121.
Feb 01, 2024 5:36:04 PM org.openqa.selenium.devtools.CdpVersionFinder findNearestMatch
WARNING: Unable to find CDP implementation matching 121
Feb 01, 2024 5:36:05 PM org.openqa.selenium.chromium.ChromiumDriver lambda$new$3
WARNING: Unable to find version of CDP to use for . You may need to include a dependency on a specific version of the CDP using something similar to `org.seleniumhq.selenium:selenium-devtools-v86:4.7.0` where the version ("v86") matches the version of the chromium-based browser you're using and the version number of the artifact is the same as Selenium's.
]]></system-err>
  </testcase>
  <testcase name="VerifyLoginError on [TestXpath passed=0 failed=0 skipped=0]" classname="Regression.TestXpath" time="0.698"/>
  <testcase name="TestResistraion on [NewUserRegistration passed=0 failed=0 skipped=0]" classname="Regression.NewUserRegistration" time="21.93">
    <system-out><![CDATA[
]]></system-out>
    <system-err><![CDATA[Feb 01, 2024 5:36:16 PM org.openqa.selenium.remote.http.WebSocket$Listener onError
WARNING: Connection reset
java.net.SocketException: Connection reset
	at java.base/sun.nio.ch.SocketChannelImpl.throwConnectionReset(SocketChannelImpl.java:394)
	at java.base/sun.nio.ch.SocketChannelImpl.read(SocketChannelImpl.java:426)
	at io.netty.buffer.PooledByteBuf.setBytes(PooledByteBuf.java:259)
	at io.netty.buffer.AbstractByteBuf.writeBytes(AbstractByteBuf.java:1132)
	at io.netty.channel.socket.nio.NioSocketChannel.doReadBytes(NioSocketChannel.java:357)
	at io.netty.channel.nio.AbstractNioByteChannel$NioByteUnsafe.read(AbstractNioByteChannel.java:151)
	at io.netty.channel.nio.NioEventLoop.processSelectedKey(NioEventLoop.java:788)
	at io.netty.channel.nio.NioEventLoop.processSelectedKeysOptimized(NioEventLoop.java:724)
	at io.netty.channel.nio.NioEventLoop.processSelectedKeys(NioEventLoop.java:650)
	at io.netty.channel.nio.NioEventLoop.run(NioEventLoop.java:562)
	at io.netty.util.concurrent.SingleThreadEventExecutor$4.run(SingleThreadEventExecutor.java:997)
	at io.netty.util.internal.ThreadExecutorMap$2.run(ThreadExecutorMap.java:74)
	at io.netty.util.concurrent.FastThreadLocalRunnable.run(FastThreadLocalRunnable.java:30)
	at java.base/java.lang.Thread.run(Thread.java:833)

Starting ChromeDriver 120.0.6099.62 (93ab19d804d479b507c4694305631dfb65f8e930-refs/branch-heads/6099_56@{#3}) on port 5610
Only local connections are allowed.
Please see https://chromedriver.chromium.org/security-considerations for suggestions on keeping ChromeDriver safe.
ChromeDriver was started successfully.
[1706789177.735][WARNING]: This version of ChromeDriver has not been tested with Chrome version 121.
Feb 01, 2024 5:36:18 PM org.openqa.selenium.devtools.CdpVersionFinder findNearestMatch
WARNING: Unable to find CDP implementation matching 121
Feb 01, 2024 5:36:18 PM org.openqa.selenium.chromium.ChromiumDriver lambda$new$3
WARNING: Unable to find version of CDP to use for . You may need to include a dependency on a specific version of the CDP using something similar to `org.seleniumhq.selenium:selenium-devtools-v86:4.7.0` where the version ("v86") matches the version of the chromium-based browser you're using and the version number of the artifact is the same as Selenium's.
]]></system-err>
  </testcase>
  <testcase name="Linkstest on [AllLinkTestsOnPage passed=0 failed=0 skipped=0]" classname="Regression.AllLinkTestsOnPage" time="25.162">
    <system-out><![CDATA[Links Verification Starts
Value from Excel:https://automationexercise.com/
Value from Applicationhttps://automationexercise.com/
Value from Excel:https://automationexercise.com/
Value from Applicationhttps://automationexercise.com/
Value from Excel:https://automationexercise.com/products
Value from Applicationhttps://automationexercise.com/products
Value from Excel:https://automationexercise.com/view_cart
Value from Applicationhttps://automationexercise.com/view_cart
Value from Excel:https://automationexercise.com/login
Value from Applicationhttps://automationexercise.com/login
Value from Excel:https://automationexercise.com/test_cases
Value from Applicationhttps://automationexercise.com/test_cases
Value from Excel:https://automationexercise.com/api_list
Value from Applicationhttps://automationexercise.com/api_list
Value from Excel:https://www.youtube.com/c/AutomationExercise
Value from Applicationhttps://www.youtube.com/c/AutomationExercise
Value from Excel:https://automationexercise.com/contact_us
Value from Applicationhttps://automationexercise.com/contact_us
Value from Excel:https://automationexercise.com/login#top
Value from Applicationhttps://automationexercise.com/login#top
Browser has been closed
]]></system-out>
    <system-err><![CDATA[Starting ChromeDriver 120.0.6099.62 (93ab19d804d479b507c4694305631dfb65f8e930-refs/branch-heads/6099_56@{#3}) on port 28560
Only local connections are allowed.
Please see https://chromedriver.chromium.org/security-considerations for suggestions on keeping ChromeDriver safe.
ChromeDriver was started successfully.
[1706789212.562][WARNING]: This version of ChromeDriver has not been tested with Chrome version 121.
Feb 01, 2024 5:36:54 PM org.openqa.selenium.devtools.CdpVersionFinder findNearestMatch
WARNING: Unable to find CDP implementation matching 121
Feb 01, 2024 5:36:54 PM org.openqa.selenium.chromium.ChromiumDriver lambda$new$3
WARNING: Unable to find version of CDP to use for . You may need to include a dependency on a specific version of the CDP using something similar to `org.seleniumhq.selenium:selenium-devtools-v86:4.7.0` where the version ("v86") matches the version of the chromium-based browser you're using and the version number of the artifact is the same as Selenium's.
]]></system-err>
  </testcase>
  <testcase name="logtest on [TC002 passed=0 failed=0 skipped=0]" classname="SmokeTest.TC002" time="0.264">
    <system-out><![CDATA[Test First Method execution is passed
]]></system-out>
  </testcase>
  <testcase name="logtest2 on [TC002 passed=0 failed=0 skipped=0]" classname="SmokeTest.TC002" time="0.026">
    <system-out><![CDATA[Test Second Method execution is passed
]]></system-out>
  </testcase>
  <testcase name="logtest3 on [TC002 passed=0 failed=0 skipped=0]" classname="SmokeTest.TC002" time="0.058">
    <system-out><![CDATA[Test Third Method execution is passed
]]></system-out>
  </testcase>
  <testcase name="logtest4 on [TC002 passed=0 failed=0 skipped=0]" classname="SmokeTest.TC002" time="0.045">
    <system-out><![CDATA[Test Four Method execution is passed
]]></system-out>
  </testcase>
  <testcase name="main1 on [TestXpath passed=0 failed=0 skipped=0]" classname="SmokeTest.TestXpath" time="23.312">
    <system-err><![CDATA[Starting ChromeDriver 120.0.6099.62 (93ab19d804d479b507c4694305631dfb65f8e930-refs/branch-heads/6099_56@{#3}) on port 14549
Only local connections are allowed.
Please see https://chromedriver.chromium.org/security-considerations for suggestions on keeping ChromeDriver safe.
ChromeDriver was started successfully.
[1706789261.640][WARNING]: This version of ChromeDriver has not been tested with Chrome version 121.
Feb 01, 2024 5:37:42 PM org.openqa.selenium.devtools.CdpVersionFinder findNearestMatch
WARNING: Unable to find CDP implementation matching 121
Feb 01, 2024 5:37:42 PM org.openqa.selenium.chromium.ChromiumDriver lambda$new$3
WARNING: Unable to find version of CDP to use for . You may need to include a dependency on a specific version of the CDP using something similar to `org.seleniumhq.selenium:selenium-devtools-v86:4.7.0` where the version ("v86") matches the version of the chromium-based browser you're using and the version number of the artifact is the same as Selenium's.
]]></system-err>
  </testcase>
</testsuite>