<?xml version="1.0" encoding="UTF-8"?>
<!-- Generated by org.testng.reporters.JUnitXMLReporter -->
<testsuite ignored="0" hostname="DESKTOP-MNI71QO" failures="0" tests="5" name="Test" time="57.9" errors="0" timestamp="2023-07-25T17:49:44 IST">
  <testcase classname="Regression.TC002" name="logtest" time="1.925"/>
  <testcase classname="Regression.TC002" name="logtest2" time="0.029"/>
  <testcase classname="Regression.TC002" name="logtest3" time="0.031"/>
  <testcase classname="Regression.TC002" name="logtest4" time="0.023"/>
  <testcase classname="Regression.TestXpath" name="main1" time="54.664"/>
</testsuite> <!-- Test -->
