<?xml version="1.0" encoding="UTF-8"?>
<testng-results ignored="0" total="1" passed="1" failed="0" skipped="0">
  <reporter-output>
  </reporter-output>
  <suite started-at="2023-11-28T16:00:06 IST" name="Default suite" finished-at="2023-11-28T16:00:39 IST" duration-ms="32660">
    <groups>
    </groups>
    <test started-at="2023-11-28T16:00:06 IST" name="Default test" finished-at="2023-11-28T16:00:39 IST" duration-ms="32660">
      <class name="Regression.AllLinkTestsOnPage">
        <test-method is-config="true" signature="setup(org.testng.ITestContext)[pri:0, instance:[AllLinkTestsOnPage passed=0 failed=0 skipped=0]]" started-at="2023-11-28T16:00:06 IST" name="setup" finished-at="2023-11-28T16:00:07 IST" duration-ms="658" status="PASS">
          <params>
            <param index="0">
              <value>
                <![CDATA[org.testng.TestRunner@78d92eef]]>
              </value>
            </param>
          </params>
          <reporter-output>
          </reporter-output>
        </test-method> <!-- setup -->
        <test-method is-config="true" signature="LaunchBrowser()[pri:0, instance:[AllLinkTestsOnPage passed=0 failed=0 skipped=0]]" started-at="2023-11-28T16:00:07 IST" name="LaunchBrowser" finished-at="2023-11-28T16:00:29 IST" duration-ms="22377" status="PASS">
          <reporter-output>
          </reporter-output>
        </test-method> <!-- LaunchBrowser -->
        <test-method signature="Linkstest()[pri:0, instance:[AllLinkTestsOnPage passed=0 failed=0 skipped=0]]" started-at="2023-11-28T16:00:29 IST" name="Linkstest" finished-at="2023-11-28T16:00:38 IST" duration-ms="8424" status="PASS">
          <reporter-output>
          </reporter-output>
        </test-method> <!-- Linkstest -->
        <test-method is-config="true" signature="closeReport()[pri:0, instance:[AllLinkTestsOnPage passed=0 failed=0 skipped=0]]" started-at="2023-11-28T16:00:38 IST" name="closeReport" finished-at="2023-11-28T16:00:39 IST" duration-ms="1152" status="PASS">
          <reporter-output>
          </reporter-output>
        </test-method> <!-- closeReport -->
      </class> <!-- Regression.AllLinkTestsOnPage -->
    </test> <!-- Default test -->
  </suite> <!-- Default suite -->
</testng-results>
