<?xml version="1.0" encoding="UTF-8"?>
<testng-results ignored="0" total="1" passed="0" failed="1" skipped="0">
  <reporter-output>
  </reporter-output>
  <suite started-at="2023-11-28T22:28:29 IST" name="Default suite" finished-at="2023-11-28T22:28:58 IST" duration-ms="28660">
    <groups>
    </groups>
    <test started-at="2023-11-28T22:28:29 IST" name="Default test" finished-at="2023-11-28T22:28:58 IST" duration-ms="28660">
      <class name="Regression.AllLinkTestsOnPage">
        <test-method is-config="true" signature="setup(org.testng.ITestContext)[pri:0, instance:[AllLinkTestsOnPage passed=0 failed=0 skipped=0]]" started-at="2023-11-28T22:28:29 IST" name="setup" finished-at="2023-11-28T22:28:30 IST" duration-ms="425" status="PASS">
          <params>
            <param index="0">
              <value>
                <![CDATA[org.testng.TestRunner@2eb0cefe]]>
              </value>
            </param>
          </params>
          <reporter-output>
          </reporter-output>
        </test-method> <!-- setup -->
        <test-method is-config="true" signature="LaunchBrowser()[pri:0, instance:[AllLinkTestsOnPage passed=0 failed=0 skipped=0]]" started-at="2023-11-28T22:28:30 IST" name="LaunchBrowser" finished-at="2023-11-28T22:28:48 IST" duration-ms="18437" status="PASS">
          <reporter-output>
          </reporter-output>
        </test-method> <!-- LaunchBrowser -->
        <test-method signature="Linkstest()[pri:0, instance:[AllLinkTestsOnPage passed=0 failed=0 skipped=0]]" started-at="2023-11-28T22:28:48 IST" name="Linkstest" finished-at="2023-11-28T22:28:56 IST" duration-ms="7715" status="FAIL">
          <exception class="java.lang.AssertionError">
            <message>
              <![CDATA[expected [https://automationexercise.com/] but found [https://automationexercise.com1/]]]>
            </message>
            <full-stacktrace>
              <![CDATA[java.lang.AssertionError: expected [https://automationexercise.com/] but found [https://automationexercise.com1/]
at org.testng.Assert.fail(Assert.java:99)
at org.testng.Assert.failNotEquals(Assert.java:1037)
at org.testng.Assert.assertEqualsImpl(Assert.java:140)
at org.testng.Assert.assertEquals(Assert.java:122)
at org.testng.Assert.assertEquals(Assert.java:629)
at org.testng.Assert.assertEquals(Assert.java:639)
at Utilities.WriteToExcel.CompareLinksOnThePage(WriteToExcel.java:95)
at BaseClasses.LinkValidation.FindAndCompareAllLinks(LinkValidation.java:44)
at Regression.AllLinkTestsOnPage.Linkstest(AllLinkTestsOnPage.java:29)
at java.base/jdk.internal.reflect.NativeMethodAccessorImpl.invoke0(Native Method)
at java.base/jdk.internal.reflect.NativeMethodAccessorImpl.invoke(NativeMethodAccessorImpl.java:77)
at java.base/jdk.internal.reflect.DelegatingMethodAccessorImpl.invoke(DelegatingMethodAccessorImpl.java:43)
at java.base/java.lang.reflect.Method.invoke(Method.java:568)
at org.testng.internal.MethodInvocationHelper.invokeMethod(MethodInvocationHelper.java:133)
at org.testng.internal.TestInvoker.invokeMethod(TestInvoker.java:598)
at org.testng.internal.TestInvoker.invokeTestMethod(TestInvoker.java:173)
at org.testng.internal.MethodRunner.runInSequence(MethodRunner.java:46)
at org.testng.internal.TestInvoker$MethodInvocationAgent.invoke(TestInvoker.java:824)
at org.testng.internal.TestInvoker.invokeTestMethods(TestInvoker.java:146)
at org.testng.internal.TestMethodWorker.invokeTestMethods(TestMethodWorker.java:146)
at org.testng.internal.TestMethodWorker.run(TestMethodWorker.java:128)
at java.base/java.util.ArrayList.forEach(ArrayList.java:1511)
at org.testng.TestRunner.privateRun(TestRunner.java:794)
at org.testng.TestRunner.run(TestRunner.java:596)
at org.testng.SuiteRunner.runTest(SuiteRunner.java:377)
at org.testng.SuiteRunner.runSequentially(SuiteRunner.java:371)
at org.testng.SuiteRunner.privateRun(SuiteRunner.java:332)
at org.testng.SuiteRunner.run(SuiteRunner.java:276)
at org.testng.SuiteRunnerWorker.runSuite(SuiteRunnerWorker.java:53)
at org.testng.SuiteRunnerWorker.run(SuiteRunnerWorker.java:96)
at org.testng.TestNG.runSuitesSequentially(TestNG.java:1212)
at org.testng.TestNG.runSuitesLocally(TestNG.java:1134)
at org.testng.TestNG.runSuites(TestNG.java:1063)
at org.testng.TestNG.run(TestNG.java:1031)
at org.testng.remote.AbstractRemoteTestNG.run(AbstractRemoteTestNG.java:115)
at org.testng.remote.RemoteTestNG.initAndRun(RemoteTestNG.java:251)
at org.testng.remote.RemoteTestNG.main(RemoteTestNG.java:77)
]]>
            </full-stacktrace>
          </exception> <!-- java.lang.AssertionError -->
          <reporter-output>
          </reporter-output>
        </test-method> <!-- Linkstest -->
        <test-method is-config="true" signature="closeReport()[pri:0, instance:[AllLinkTestsOnPage passed=0 failed=0 skipped=0]]" started-at="2023-11-28T22:28:56 IST" name="closeReport" finished-at="2023-11-28T22:28:58 IST" duration-ms="1941" status="PASS">
          <reporter-output>
          </reporter-output>
        </test-method> <!-- closeReport -->
      </class> <!-- Regression.AllLinkTestsOnPage -->
    </test> <!-- Default test -->
  </suite> <!-- Default suite -->
</testng-results>
